# JRE version: OpenJDK Runtime Environment (11.0.12+7) (build 11.0.12+7-b1504.28-7817840)
# Java VM: OpenJDK 64-Bit Server VM (11.0.12+7-b1504.28-7817840, mixed mode, tiered, compressed oops, g1 gc, windows-amd64)
Heap:
 garbage-first heap   total 196608K, used 62976K [0x0000000086000000, 0x0000000100000000)
  region size 1024K, 8 young (8192K), 8 survivors (8192K)
 Metaspace       used 71449K, capacity 72237K, committed 72496K, reserved 1114112K
  class space    used 7882K, capacity 8207K, committed 8240K, reserved 1048576K
GC Heap History (17 events):
Event: 0.416 GC heap before
{Heap before GC invocations=0 (full 0):
 garbage-first heap   total 124928K, used 17408K [0x0000000086000000, 0x0000000100000000)
  region size 1024K, 14 young (14336K), 0 survivors (0K)
 Metaspace       used 9861K, capacity 10002K, committed 10112K, reserved 1058816K
  class space    used 837K, capacity 885K, committed 896K, reserved 1048576K
}
Event: 0.419 GC heap after
{Heap after GC invocations=1 (full 0):
 garbage-first heap   total 124928K, used 5233K [0x0000000086000000, 0x0000000100000000)
  region size 1024K, 2 young (2048K), 2 survivors (2048K)
 Metaspace       used 9861K, capacity 10002K, committed 10112K, reserved 1058816K
  class space    used 837K, capacity 885K, committed 896K, reserved 1048576K
}
Event: 1.259 GC heap before
{Heap before GC invocations=1 (full 0):
 garbage-first heap   total 124928K, used 51313K [0x0000000086000000, 0x0000000100000000)
  region size 1024K, 48 young (49152K), 2 survivors (2048K)
 Metaspace       used 21049K, capacity 21201K, committed 21296K, reserved 1069056K
  class space    used 2233K, capacity 2307K, committed 2352K, reserved 1048576K
}
Event: 1.271 GC heap after
{Heap after GC invocations=2 (full 0):
 garbage-first heap   total 124928K, used 9903K [0x0000000086000000, 0x0000000100000000)
  region size 1024K, 7 young (7168K), 7 survivors (7168K)
 Metaspace       used 21049K, capacity 21201K, committed 21296K, reserved 1069056K
  class space    used 2233K, capacity 2307K, committed 2352K, reserved 1048576K
}
Event: 2.218 GC heap before
{Heap before GC invocations=3 (full 0):
 garbage-first heap   total 124928K, used 63151K [0x0000000086000000, 0x0000000100000000)
  region size 1024K, 54 young (55296K), 7 survivors (7168K)
 Metaspace       used 31199K, capacity 31652K, committed 31920K, reserved 1077248K
  class space    used 3713K, capacity 3889K, committed 4016K, reserved 1048576K
}
Event: 2.247 GC heap after
{Heap after GC invocations=4 (full 0):
 garbage-first heap   total 124928K, used 21856K [0x0000000086000000, 0x0000000100000000)
  region size 1024K, 7 young (7168K), 7 survivors (7168K)
 Metaspace       used 31199K, capacity 31652K, committed 31920K, reserved 1077248K
  class space    used 3713K, capacity 3889K, committed 4016K, reserved 1048576K
}
Event: 2.617 GC heap before
{Heap before GC invocations=4 (full 0):
 garbage-first heap   total 124928K, used 40288K [0x0000000086000000, 0x0000000100000000)
  region size 1024K, 26 young (26624K), 7 survivors (7168K)
 Metaspace       used 35406K, capacity 35797K, committed 35888K, reserved 1081344K
  class space    used 4383K, capacity 4567K, committed 4656K, reserved 1048576K
}
Event: 2.633 GC heap after
{Heap after GC invocations=5 (full 0):
 garbage-first heap   total 124928K, used 21973K [0x0000000086000000, 0x0000000100000000)
  region size 1024K, 3 young (3072K), 3 survivors (3072K)
 Metaspace       used 35406K, capacity 35797K, committed 35888K, reserved 1081344K
  class space    used 4383K, capacity 4567K, committed 4656K, reserved 1048576K
}
Event: 3.610 GC heap before
{Heap before GC invocations=6 (full 0):
 garbage-first heap   total 124928K, used 75221K [0x0000000086000000, 0x0000000100000000)
  region size 1024K, 53 young (54272K), 3 survivors (3072K)
 Metaspace       used 46826K, capacity 47331K, committed 47536K, reserved 1091584K
  class space    used 5566K, capacity 5782K, committed 5808K, reserved 1048576K
}
Event: 3.626 GC heap after
{Heap after GC invocations=7 (full 0):
 garbage-first heap   total 159744K, used 27985K [0x0000000086000000, 0x0000000100000000)
  region size 1024K, 7 young (7168K), 7 survivors (7168K)
 Metaspace       used 46826K, capacity 47331K, committed 47536K, reserved 1091584K
  class space    used 5566K, capacity 5782K, committed 5808K, reserved 1048576K
}
Event: 4.889 GC heap before
{Heap before GC invocations=8 (full 0):
 garbage-first heap   total 159744K, used 98641K [0x0000000086000000, 0x0000000100000000)
  region size 1024K, 75 young (76800K), 7 survivors (7168K)
 Metaspace       used 52054K, capacity 52642K, committed 52912K, reserved 1095680K
  class space    used 6035K, capacity 6268K, committed 6320K, reserved 1048576K
}
Event: 4.909 GC heap after
{Heap after GC invocations=9 (full 0):
 garbage-first heap   total 159744K, used 36027K [0x0000000086000000, 0x0000000100000000)
  region size 1024K, 10 young (10240K), 10 survivors (10240K)
 Metaspace       used 52054K, capacity 52642K, committed 52912K, reserved 1095680K
  class space    used 6035K, capacity 6268K, committed 6320K, reserved 1048576K
}
Event: 6.198 GC heap before
{Heap before GC invocations=9 (full 0):
 garbage-first heap   total 159744K, used 105659K [0x0000000086000000, 0x0000000100000000)
  region size 1024K, 78 young (79872K), 10 survivors (10240K)
 Metaspace       used 53824K, capacity 54409K, committed 54576K, reserved 1097728K
  class space    used 6118K, capacity 6342K, committed 6448K, reserved 1048576K
}
Event: 6.226 GC heap after
{Heap after GC invocations=10 (full 0):
 garbage-first heap   total 159744K, used 45843K [0x0000000086000000, 0x0000000100000000)
  region size 1024K, 10 young (10240K), 10 survivors (10240K)
 Metaspace       used 53824K, capacity 54409K, committed 54576K, reserved 1097728K
  class space    used 6118K, capacity 6342K, committed 6448K, reserved 1048576K
}
Event: 9.126 GC heap before
{Heap before GC invocations=10 (full 0):
 garbage-first heap   total 159744K, used 112403K [0x0000000086000000, 0x0000000100000000)
  region size 1024K, 74 young (75776K), 10 survivors (10240K)
 Metaspace       used 62539K, capacity 63263K, committed 63408K, reserved 1105920K
  class space    used 6985K, capacity 7254K, committed 7344K, reserved 1048576K
}
Event: 9.155 GC heap after
{Heap after GC invocations=11 (full 0):
 garbage-first heap   total 159744K, used 54784K [0x0000000086000000, 0x0000000100000000)
  region size 1024K, 9 young (9216K), 9 survivors (9216K)
 Metaspace       used 62539K, capacity 63263K, committed 63408K, reserved 1105920K
  class space    used 6985K, capacity 7254K, committed 7344K, reserved 1048576K
}
Event: 10.808 GC heap before
{Heap before GC invocations=11 (full 0):
 garbage-first heap   total 159744K, used 116224K [0x0000000086000000, 0x0000000100000000)
  region size 1024K, 69 young (70656K), 9 survivors (9216K)
 Metaspace       used 71449K, capacity 72237K, committed 72496K, reserved 1114112K
  class space    used 7882K, capacity 8207K, committed 8240K, reserved 1048576K
}

